<?xml version="1.0" encoding="UTF-8"?>
<!-- Generated by org.testng.reporters.JUnitXMLReporter -->
<testsuite ignored="0" hostname="DESKTOP-0L4OL9P" failures="0" tests="8" name="EdgeTest" time="128.102" errors="0" timestamp="2024-01-09T23:54:48 IST">
  <testcase classname="test.productDisplayPage" name="@AfterMethod close" time="0.724">
    <failure type="org.openqa.selenium.NoSuchWindowException" message="no such window: target window already closed
from unknown error: web view not found
  (Session info: MicrosoftEdge=120.0.2210.121)
Build info: version: &amp;apos;4.16.1&amp;apos;, revision: &amp;apos;9b4c83354e&amp;apos;
System info: os.name: &amp;apos;Windows 10&amp;apos;, os.arch: &amp;apos;amd64&amp;apos;, os.version: &amp;apos;10.0&amp;apos;, java.version: &amp;apos;17.0.9&amp;apos;
Driver info: org.openqa.selenium.edge.EdgeDriver
Command: [42ec424c26637cfb1d421e82474627b6, close {}]
Capabilities {acceptInsecureCerts: false, browserName: MicrosoftEdge, browserVersion: 120.0.2210.121, fedcm:accounts: true, ms:edgeOptions: {debuggerAddress: localhost:56514}, msedge: {msedgedriverVersion: 120.0.2210.121 (6086ec26a02..., userDataDir: C:\Users\admin\AppData\Loca...}, networkConnectionEnabled: false, pageLoadStrategy: normal, platformName: windows, proxy: Proxy(), se:cdp: ws://localhost:56514/devtoo..., se:cdpVersion: 120.0.2210.121, setWindowRect: true, strictFileInteractability: false, timeouts: {implicit: 0, pageLoad: 300000, script: 30000}, unhandledPromptBehavior: dismiss and notify, webauthn:extension:credBlob: true, webauthn:extension:largeBlob: true, webauthn:extension:minPinLength: true, webauthn:extension:prf: true, webauthn:virtualAuthenticators: true}
Session ID: 42ec424c26637cfb1d421e82474627b6">
      <![CDATA[org.openqa.selenium.NoSuchWindowException: no such window: target window already closed
from unknown error: web view not found
  (Session info: MicrosoftEdge=120.0.2210.121)
Build info: version: '4.16.1', revision: '9b4c83354e'
System info: os.name: 'Windows 10', os.arch: 'amd64', os.version: '10.0', java.version: '17.0.9'
Driver info: org.openqa.selenium.edge.EdgeDriver
Command: [42ec424c26637cfb1d421e82474627b6, close {}]
Capabilities {acceptInsecureCerts: false, browserName: MicrosoftEdge, browserVersion: 120.0.2210.121, fedcm:accounts: true, ms:edgeOptions: {debuggerAddress: localhost:56514}, msedge: {msedgedriverVersion: 120.0.2210.121 (6086ec26a02..., userDataDir: C:\Users\admin\AppData\Loca...}, networkConnectionEnabled: false, pageLoadStrategy: normal, platformName: windows, proxy: Proxy(), se:cdp: ws://localhost:56514/devtoo..., se:cdpVersion: 120.0.2210.121, setWindowRect: true, strictFileInteractability: false, timeouts: {implicit: 0, pageLoad: 300000, script: 30000}, unhandledPromptBehavior: dismiss and notify, webauthn:extension:credBlob: true, webauthn:extension:largeBlob: true, webauthn:extension:minPinLength: true, webauthn:extension:prf: true, webauthn:virtualAuthenticators: true}
Session ID: 42ec424c26637cfb1d421e82474627b6
at org.openqa.selenium.remote.codec.w3c.W3CHttpResponseCodec.createException(W3CHttpResponseCodec.java:200)
at org.openqa.selenium.remote.codec.w3c.W3CHttpResponseCodec.decode(W3CHttpResponseCodec.java:133)
at org.openqa.selenium.remote.codec.w3c.W3CHttpResponseCodec.decode(W3CHttpResponseCodec.java:52)
at org.openqa.selenium.remote.HttpCommandExecutor.execute(HttpCommandExecutor.java:191)
at org.openqa.selenium.remote.service.DriverCommandExecutor.invokeExecute(DriverCommandExecutor.java:200)
at org.openqa.selenium.remote.service.DriverCommandExecutor.execute(DriverCommandExecutor.java:175)
at org.openqa.selenium.remote.RemoteWebDriver.execute(RemoteWebDriver.java:523)
at org.openqa.selenium.remote.RemoteWebDriver.execute(RemoteWebDriver.java:596)
at org.openqa.selenium.remote.RemoteWebDriver.execute(RemoteWebDriver.java:600)
at org.openqa.selenium.remote.RemoteWebDriver.close(RemoteWebDriver.java:410)
at test.productDisplayPage.close(productDisplayPage.java:104)
at java.base/java.util.ArrayList.forEach(ArrayList.java:1511)
... Removed 37 stack frames]]>
    </failure>
  </testcase> <!-- @AfterMethod close -->
  <testcase classname="test.productDisplayPage" name="@AfterTest publishReports" time="-1.704824685324E9">
    <skipped/>
  </testcase> <!-- @AfterTest publishReports -->
  <testcase classname="test.verifyIfUserIsAbleToSearchProduct" name="@AfterTest publishReports" time="-1.704824685331E9">
    <skipped/>
  </testcase> <!-- @AfterTest publishReports -->
  <testcase classname="test.verifyShoppingCategoriesTest" name="@AfterTest publishReports" time="-1.704824685419E9">
    <skipped/>
  </testcase> <!-- @AfterTest publishReports -->
  <testcase classname="test.RemoveElementsFromCart" name="verifyIfUserIsAbleToRemoveTheProductFromCart" time="6.532"/>
  <testcase classname="test.verifyIfUserIsAbleToSearchProduct" name="verifyIfUserIsAbleToSearchProducts" time="2.893"/>
  <testcase classname="test.AddProductUsingDescription" name="verifyIfUserIsAbleToAddProductToCartUsingDescription" time="4.591"/>
  <testcase classname="test.AddMultipleProductOnCart" name="verifyIfUserIsAbleToAddMultipleProductToCartUsingQuickViewOption" time="5.553"/>
  <testcase classname="test.AddtoCartPage" name="verifyIfUserIsAbleToAddProductToCartUsingQuickViewOption" time="3.005"/>
  <testcase classname="test.verifyShoppingCategoriesTest" name="verifyIfUserIsAbleToAccessShoppingCategorie" time="1.863"/>
  <testcase classname="test.productDisplayPage" name="verifyProductDisplayedOnValidSearch" time="2.355"/>
  <testcase classname="test.productDisplayPage" name="verifyProductNotDisplayedOnInvalidSearch" time="20.378"/>
</testsuite> <!-- EdgeTest -->
